0 info it worked if it ends with ok
1 verbose cli [ '/Users/robwormald/.nvm/versions/node/v4.1.1/bin/node',
1 verbose cli   '/Users/robwormald/.nvm/versions/node/v4.1.1/bin/npm',
1 verbose cli   'start' ]
2 info using npm@3.4.0
3 info using node@v4.1.1
4 verbose run-script [ 'prestart', 'start', 'poststart' ]
5 info lifecycle ng2-electron@1.0.0~prestart: ng2-electron@1.0.0
6 silly lifecycle ng2-electron@1.0.0~prestart: no script for prestart, continuing
7 info lifecycle ng2-electron@1.0.0~start: ng2-electron@1.0.0
8 verbose lifecycle ng2-electron@1.0.0~start: unsafe-perm in lifecycle true
9 verbose lifecycle ng2-electron@1.0.0~start: PATH: /Users/robwormald/.nvm/versions/node/v4.1.1/lib/node_modules/npm/bin/node-gyp-bin:/Users/robwormald/Dev/Demos/ng2-electron/node_modules/.bin:/Users/robwormald/.nvm/versions/node/v4.1.1/bin:/Users/robwormald/bin:/usr/local/bin:/usr/bin:/bin:/usr/sbin:/sbin:/usr/local/opt/dart/libexec/bin:/usr/local/gcc_arm/gcc-arm-none-eabi-4_9-2015q2/bin
10 verbose lifecycle ng2-electron@1.0.0~start: CWD: /Users/robwormald/Dev/Demos/ng2-electron
11 silly lifecycle ng2-electron@1.0.0~start: Args: [ '-c', 'tsc && electron .' ]
12 silly lifecycle ng2-electron@1.0.0~start: Returned: code: 2  signal: null
13 info lifecycle ng2-electron@1.0.0~start: Failed to exec start script
14 verbose stack Error: ng2-electron@1.0.0 start: `tsc && electron .`
14 verbose stack Exit status 2
14 verbose stack     at EventEmitter.<anonymous> (/Users/robwormald/.nvm/versions/node/v4.1.1/lib/node_modules/npm/lib/utils/lifecycle.js:232:16)
14 verbose stack     at emitTwo (events.js:87:13)
14 verbose stack     at EventEmitter.emit (events.js:172:7)
14 verbose stack     at ChildProcess.<anonymous> (/Users/robwormald/.nvm/versions/node/v4.1.1/lib/node_modules/npm/lib/utils/spawn.js:24:14)
14 verbose stack     at emitTwo (events.js:87:13)
14 verbose stack     at ChildProcess.emit (events.js:172:7)
14 verbose stack     at maybeClose (internal/child_process.js:817:16)
14 verbose stack     at Process.ChildProcess._handle.onexit (internal/child_process.js:211:5)
15 verbose pkgid ng2-electron@1.0.0
16 verbose cwd /Users/robwormald/Dev/Demos/ng2-electron
17 error Darwin 15.0.0
18 error argv "/Users/robwormald/.nvm/versions/node/v4.1.1/bin/node" "/Users/robwormald/.nvm/versions/node/v4.1.1/bin/npm" "start"
19 error node v4.1.1
20 error npm  v3.4.0
21 error code ELIFECYCLE
22 error ng2-electron@1.0.0 start: `tsc && electron .`
22 error Exit status 2
23 error Failed at the ng2-electron@1.0.0 start script 'tsc && electron .'.
23 error Make sure you have the latest version of node.js and npm installed.
23 error If you do, this is most likely a problem with the ng2-electron package,
23 error not with npm itself.
23 error Tell the author that this fails on your system:
23 error     tsc && electron .
23 error You can get their info via:
23 error     npm owner ls ng2-electron
23 error There is likely additional logging output above.
24 verbose exit [ 1, true ]
